<?xml version="1.0" encoding="UTF-8"?>
<!-- Generated by org.testng.reporters.JUnitReportReporter -->
<testsuite skipped="0" hostname="DESKTOP-K2PPL25" name="Runner.TestRunner" tests="2" failures="0" timestamp="26 Feb 2019 21:35:20 GMT" time="27.546" errors="0">
  <testcase name="feature" time="10.362" classname="Runner.TestRunner"/>
  <testcase name="feature" time="17.184" classname="Runner.TestRunner"/>
</testsuite> <!-- Runner.TestRunner -->
